Using pre-set license
Built from '2020.3/staging' branch; Version is '2020.3.13f1 (71691879b7f5) revision 7432472'; Using compiler version '192528614'; Build Type 'Release'
OS: 'Windows 10 Home Single Language; OS build 19045.4046; Version 2009; 64bit' Language: 'es' Physical Memory: 16286 MB
BatchMode: 1, IsHumanControllingUs: 0, StartBugReporterOnCrash: 0, Is64bit: 1, IsPro: 0

 COMMAND LINE ARGUMENTS:
C:\Program Files\Unity\Hub\Editor\2020.3.13f1\Editor\Unity.exe
-adb2
-batchMode
-noUpm
-name
AssetImportWorker4
-projectPath
D:/Conference-Mechanics
-logFile
Logs/AssetImportWorker4.log
-srvPort
65265
Successfully changed project path to: D:/Conference-Mechanics
D:/Conference-Mechanics
Using Asset Import Pipeline V2.
Refreshing native plugins compatible for Editor in 426.25 ms, found 5 plugins.
Preloading 1 native plugins for Editor in 5.40 ms.
Initialize engine version: 2020.3.13f1 (71691879b7f5)
[Subsystems] Discovering subsystems at path C:/Program Files/Unity/Hub/Editor/2020.3.13f1/Editor/Data/Resources/UnitySubsystems
[Subsystems] Discovering subsystems at path D:/Conference-Mechanics/Assets
GfxDevice: creating device client; threaded=0
Direct3D:
    Version:  Direct3D 11.0 [level 11.1]
    Renderer: Intel(R) HD Graphics (ID=0x22b1)
    Vendor:   
    VRAM:     4096 MB
    Driver:   20.19.15.4531
Initialize mono
Mono path[0] = 'C:/Program Files/Unity/Hub/Editor/2020.3.13f1/Editor/Data/Managed'
Mono path[1] = 'C:/Program Files/Unity/Hub/Editor/2020.3.13f1/Editor/Data/MonoBleedingEdge/lib/mono/unityjit'
Mono config path = 'C:/Program Files/Unity/Hub/Editor/2020.3.13f1/Editor/Data/MonoBleedingEdge/etc'
Using monoOptions --debugger-agent=transport=dt_socket,embedding=1,server=y,suspend=n,address=127.0.0.1:56196
Begin MonoManager ReloadAssembly
Registering precompiled unity dll's ...
Register platform support module: C:/Program Files/Unity/Hub/Editor/2020.3.13f1/Editor/Data/PlaybackEngines/WindowsStandaloneSupport/UnityEditor.WindowsStandalone.Extensions.dll
Registered in 0.008454 seconds.
Native extension for WindowsStandalone target not found
Refreshing native plugins compatible for Editor in 246.55 ms, found 5 plugins.
Preloading 1 native plugins for Editor in 0.25 ms.
Mono: successfully reloaded assembly
- Completed reload, in 14.567 seconds
Platform modules already initialized, skipping
Registering precompiled user dll's ...
Registered in 0.024178 seconds.
Begin MonoManager ReloadAssembly
Native extension for WindowsStandalone target not found
Refreshing native plugins compatible for Editor in 239.72 ms, found 5 plugins.
Preloading 1 native plugins for Editor in 0.26 ms.
[XR] OculusXRPlugin: registering subsystems
[XR] Unable to register display lifecyle provider: [1]
[XR] Oculus Input lifecycle provider registered.
[XR] Unable to register input lifecyle provider: [1]
NullReferenceException: Object reference not set to an instance of an object
  at Unity.XR.Oculus.OculusLoader.AssetPathToAbsolutePath (System.String assetPath) [0x00048] in D:\Conference-Mechanics\Library\PackageCache\com.unity.xr.oculus@1.9.1\Runtime\OculusLoader.cs:249 
  at Unity.XR.Oculus.OculusLoader.EditorLoadOVRPlugin () [0x0007b] in D:\Conference-Mechanics\Library\PackageCache\com.unity.xr.oculus@1.9.1\Runtime\OculusLoader.cs:234 

(Filename: Library/PackageCache/com.unity.xr.oculus@1.9.1/Runtime/OculusLoader.cs Line: 249)

Mono: successfully reloaded assembly
- Completed reload, in  6.121 seconds
Platform modules already initialized, skipping
========================================================================
Worker process is ready to serve import requests
Launched and connected shader compiler UnityShaderCompiler.exe after 0.20 seconds
Refreshing native plugins compatible for Editor in 2.49 ms, found 5 plugins.
Preloading 1 native plugins for Editor in 0.20 ms.
Unloading 2761 Unused Serialized files (Serialized files now loaded: 0)
System memory in use before: 120.2 MB.
System memory in use after: 120.4 MB.

Unloading 29 unused Assets to reduce memory usage. Loaded Objects now: 3195.
Total: 92.473200 ms (FindLiveObjects: 1.859800 ms CreateObjectMapping: 0.555200 ms MarkObjects: 89.705100 ms  DeleteObjects: 0.347400 ms)

AssetImportParameters requested are different than current active one (requested -> active):
  custom:framework-win-MediaFoundation: 216162199b28c13a410421893ffa2e32 -> 
  custom:video-decoder-ogg-theora: a1e56fd34408186e4bbccfd4996cb3dc -> 
  custom:container-muxer-webm: aa71ff27fc2769a1b78a27578f13a17b -> 
  custom:container-demuxer-webm: 4f35f7cbe854078d1ac9338744f61a02 -> 
  custom:container-demuxer-ogg: 62fdf1f143b41e24485cea50d1cbac27 -> 
  custom:video-encoder-webm-vp8: eb34c28f22e8b96e1ab97ce403110664 -> 
  custom:video-decoder-webm-vp8: 9c59270c3fd7afecdb556c50c9e8de78 -> 
  custom:audio-decoder-ogg-vorbis: bf7c407c2cedff20999df2af8eb42d56 -> 
  custom:audio-encoder-webm-vorbis: bf7c407c2cedff20999df2af8eb42d56 -> 
========================================================================
Received Import Request.
  path: Assets/IRONHEAD Games/Resource/Generic Player VR.prefab
  artifactKey: Guid(5c5a6e4f9a7d4c944b6b9a1c0041b49a) Importer(815301076,1909f56bfc062723c751e8b465ee728b)
Start importing Assets/IRONHEAD Games/Resource/Generic Player VR.prefab using Guid(5c5a6e4f9a7d4c944b6b9a1c0041b49a) Importer(815301076,1909f56bfc062723c751e8b465ee728b)  -> (artifact id: 'c02d8c89c933829514f6cb9b0cefa99e') in 1.271183 seconds 
  Import took 1.287034 seconds .

========================================================================
Received Import Request.
  Time since last request: 2167.528708 seconds.
  path: Assets/IRONHEAD Games/Scripts/Player/AvatarInputConverter.cs
  artifactKey: Guid(05dc27e9af5c45c4e91c4a13a3655b4b) Importer(815301076,1909f56bfc062723c751e8b465ee728b)
Start importing Assets/IRONHEAD Games/Scripts/Player/AvatarInputConverter.cs using Guid(05dc27e9af5c45c4e91c4a13a3655b4b) Importer(815301076,1909f56bfc062723c751e8b465ee728b)  -> (artifact id: 'e0304b2eaa9a8bbffa4e563932ee1c41') in 0.428157 seconds 
  Import took 0.483952 seconds .

========================================================================
Received Import Request.
  Time since last request: 23.960566 seconds.
  path: Assets/IRONHEAD Games/Scripts/UI/AvatarSelectionManager.cs
  artifactKey: Guid(735388b18ac22d842836d99c0e35924f) Importer(815301076,1909f56bfc062723c751e8b465ee728b)
Start importing Assets/IRONHEAD Games/Scripts/UI/AvatarSelectionManager.cs using Guid(735388b18ac22d842836d99c0e35924f) Importer(815301076,1909f56bfc062723c751e8b465ee728b)  -> (artifact id: '75f7233b40eee604ac7f05fd33b1f3cd') in 0.054109 seconds 
  Import took 0.080518 seconds .

========================================================================
Received Import Request.
  Time since last request: 2.032022 seconds.
  path: Assets/IRONHEAD Games/Scripts/UI/AvatarHolder.cs
  artifactKey: Guid(626885caf164cfe4493ebdeaebd68241) Importer(815301076,1909f56bfc062723c751e8b465ee728b)
Start importing Assets/IRONHEAD Games/Scripts/UI/AvatarHolder.cs using Guid(626885caf164cfe4493ebdeaebd68241) Importer(815301076,1909f56bfc062723c751e8b465ee728b)  -> (artifact id: '672a4d43d0e81be305d97f3c8d4e8d4d') in 0.074453 seconds 
  Import took 0.086834 seconds .

========================================================================
Received Import Request.
  Time since last request: 35.031009 seconds.
  path: Assets/IRONHEAD Games/Scripts/Avatar selection.cs
  artifactKey: Guid(5271ebc0ef37294488a808eb47c8dc3c) Importer(815301076,1909f56bfc062723c751e8b465ee728b)
Start importing Assets/IRONHEAD Games/Scripts/Avatar selection.cs using Guid(5271ebc0ef37294488a808eb47c8dc3c) Importer(815301076,1909f56bfc062723c751e8b465ee728b)  -> (artifact id: '019948374088994263c6f25f79248205') in 0.298273 seconds 
  Import took 0.317886 seconds .

========================================================================
Received Import Request.
  Time since last request: 24.593282 seconds.
  path: Assets/IRONHEAD Games/Scripts/Avatar Selection
  artifactKey: Guid(78b7cb2b59cc783429682e48f2de98e8) Importer(815301076,1909f56bfc062723c751e8b465ee728b)
Start importing Assets/IRONHEAD Games/Scripts/Avatar Selection using Guid(78b7cb2b59cc783429682e48f2de98e8) Importer(815301076,1909f56bfc062723c751e8b465ee728b)  -> (artifact id: 'c4814522645b78ae77f5e2a8ef10665b') in 0.073402 seconds 
  Import took 0.104117 seconds .

========================================================================
Received Prepare
Registering precompiled user dll's ...
Registered in 0.040690 seconds.
Begin MonoManager ReloadAssembly
Native extension for WindowsStandalone target not found
Refreshing native plugins compatible for Editor in 2.81 ms, found 5 plugins.
Preloading 1 native plugins for Editor in 0.20 ms.
NullReferenceException: Object reference not set to an instance of an object
  at Unity.XR.Oculus.OculusLoader.AssetPathToAbsolutePath (System.String assetPath) [0x00048] in D:\Conference-Mechanics\Library\PackageCache\com.unity.xr.oculus@1.9.1\Runtime\OculusLoader.cs:249 
  at Unity.XR.Oculus.OculusLoader.EditorLoadOVRPlugin () [0x0007b] in D:\Conference-Mechanics\Library\PackageCache\com.unity.xr.oculus@1.9.1\Runtime\OculusLoader.cs:234 

(Filename: Library/PackageCache/com.unity.xr.oculus@1.9.1/Runtime/OculusLoader.cs Line: 249)

Mono: successfully reloaded assembly
- Completed reload, in  9.219 seconds
Platform modules already initialized, skipping
Switching build target platform(19) subTarget(0) extendedPlatform(0) -> platform(13) subTarget(524294) extendedPlatform(0)
Refreshing native plugins compatible for Editor in 9.16 ms, found 5 plugins.
Preloading 1 native plugins for Editor in 0.21 ms.
Unloading 2734 Unused Serialized files (Serialized files now loaded: 0)
System memory in use before: 121.6 MB.
System memory in use after: 121.8 MB.

Unloading 22 unused Assets to reduce memory usage. Loaded Objects now: 3207.
Total: 16.612800 ms (FindLiveObjects: 1.166500 ms CreateObjectMapping: 0.879600 ms MarkObjects: 14.385100 ms  DeleteObjects: 0.175400 ms)

AssetImportParameters requested are different than current active one (requested -> active):
  custom:framework-win-MediaFoundation: 216162199b28c13a410421893ffa2e32 -> 
  custom:video-decoder-ogg-theora: a1e56fd34408186e4bbccfd4996cb3dc -> 
  custom:container-muxer-webm: aa71ff27fc2769a1b78a27578f13a17b -> 
  custom:container-demuxer-webm: 4f35f7cbe854078d1ac9338744f61a02 -> 
  custom:container-demuxer-ogg: 62fdf1f143b41e24485cea50d1cbac27 -> 
  custom:video-encoder-webm-vp8: eb34c28f22e8b96e1ab97ce403110664 -> 
  custom:video-decoder-webm-vp8: 9c59270c3fd7afecdb556c50c9e8de78 -> 
  custom:graphics/normal-map-encoding: 01000000000000000000000000000000 -> 02000000000000000000000000000000
  custom:audio-decoder-ogg-vorbis: bf7c407c2cedff20999df2af8eb42d56 -> 
  custom:audio-encoder-webm-vorbis: bf7c407c2cedff20999df2af8eb42d56 -> 
========================================================================
Received Import Request.
  Time since last request: 2495.601199 seconds.
  path: Assets/IRONHEAD Games/Prefabs/Avatars/Avatar1.prefab
  artifactKey: Guid(69edaa7f6d0367845b76420b47e4be35) Importer(815301076,1909f56bfc062723c751e8b465ee728b)
Start importing Assets/IRONHEAD Games/Prefabs/Avatars/Avatar1.prefab using Guid(69edaa7f6d0367845b76420b47e4be35) Importer(815301076,1909f56bfc062723c751e8b465ee728b)  -> (artifact id: 'da033dea391c2a001a0299c7af95578e') in 0.368272 seconds 
  Import took 0.388036 seconds .

========================================================================
Received Prepare
Registering precompiled user dll's ...
Registered in 0.539354 seconds.
Begin MonoManager ReloadAssembly
Native extension for WindowsStandalone target not found
Refreshing native plugins compatible for Editor in 2.74 ms, found 5 plugins.
Preloading 1 native plugins for Editor in 0.20 ms.
NullReferenceException: Object reference not set to an instance of an object
  at Unity.XR.Oculus.OculusLoader.AssetPathToAbsolutePath (System.String assetPath) [0x00048] in D:\Conference-Mechanics\Library\PackageCache\com.unity.xr.oculus@1.9.1\Runtime\OculusLoader.cs:249 
  at Unity.XR.Oculus.OculusLoader.EditorLoadOVRPlugin () [0x0007b] in D:\Conference-Mechanics\Library\PackageCache\com.unity.xr.oculus@1.9.1\Runtime\OculusLoader.cs:234 

(Filename: Library/PackageCache/com.unity.xr.oculus@1.9.1/Runtime/OculusLoader.cs Line: 249)

Mono: successfully reloaded assembly
- Completed reload, in  6.684 seconds
Platform modules already initialized, skipping
Switching build target platform(19) subTarget(0) extendedPlatform(0) -> platform(13) subTarget(524294) extendedPlatform(0)
Refreshing native plugins compatible for Editor in 2.54 ms, found 5 plugins.
Preloading 1 native plugins for Editor in 0.21 ms.
Unloading 2734 Unused Serialized files (Serialized files now loaded: 0)
System memory in use before: 121.6 MB.
System memory in use after: 121.9 MB.

Unloading 21 unused Assets to reduce memory usage. Loaded Objects now: 3213.
Total: 12.126700 ms (FindLiveObjects: 1.284100 ms CreateObjectMapping: 0.523400 ms MarkObjects: 10.081400 ms  DeleteObjects: 0.231300 ms)

AssetImportParameters requested are different than current active one (requested -> active):
  custom:framework-win-MediaFoundation: 216162199b28c13a410421893ffa2e32 -> 
  custom:video-decoder-ogg-theora: a1e56fd34408186e4bbccfd4996cb3dc -> 
  custom:container-muxer-webm: aa71ff27fc2769a1b78a27578f13a17b -> 
  custom:container-demuxer-webm: 4f35f7cbe854078d1ac9338744f61a02 -> 
  custom:container-demuxer-ogg: 62fdf1f143b41e24485cea50d1cbac27 -> 
  custom:video-encoder-webm-vp8: eb34c28f22e8b96e1ab97ce403110664 -> 
  custom:video-decoder-webm-vp8: 9c59270c3fd7afecdb556c50c9e8de78 -> 
  custom:graphics/normal-map-encoding: 01000000000000000000000000000000 -> 02000000000000000000000000000000
  custom:audio-decoder-ogg-vorbis: bf7c407c2cedff20999df2af8eb42d56 -> 
  custom:audio-encoder-webm-vorbis: bf7c407c2cedff20999df2af8eb42d56 -> 
========================================================================
Received Prepare
Registering precompiled user dll's ...
Registered in 0.044834 seconds.
Begin MonoManager ReloadAssembly
Native extension for WindowsStandalone target not found
Refreshing native plugins compatible for Editor in 2.76 ms, found 5 plugins.
Preloading 1 native plugins for Editor in 0.19 ms.
NullReferenceException: Object reference not set to an instance of an object
  at Unity.XR.Oculus.OculusLoader.AssetPathToAbsolutePath (System.String assetPath) [0x00048] in D:\Conference-Mechanics\Library\PackageCache\com.unity.xr.oculus@1.9.1\Runtime\OculusLoader.cs:249 
  at Unity.XR.Oculus.OculusLoader.EditorLoadOVRPlugin () [0x0007b] in D:\Conference-Mechanics\Library\PackageCache\com.unity.xr.oculus@1.9.1\Runtime\OculusLoader.cs:234 

(Filename: Library/PackageCache/com.unity.xr.oculus@1.9.1/Runtime/OculusLoader.cs Line: 249)

Mono: successfully reloaded assembly
- Completed reload, in 10.016 seconds
Platform modules already initialized, skipping
Switching build target platform(19) subTarget(0) extendedPlatform(0) -> platform(13) subTarget(524294) extendedPlatform(0)
Refreshing native plugins compatible for Editor in 2.70 ms, found 5 plugins.
Preloading 1 native plugins for Editor in 0.20 ms.
Unloading 2734 Unused Serialized files (Serialized files now loaded: 0)
System memory in use before: 121.7 MB.
System memory in use after: 121.9 MB.

Unloading 21 unused Assets to reduce memory usage. Loaded Objects now: 3218.
Total: 10.226300 ms (FindLiveObjects: 1.117700 ms CreateObjectMapping: 0.498400 ms MarkObjects: 8.519300 ms  DeleteObjects: 0.086000 ms)

AssetImportParameters requested are different than current active one (requested -> active):
  custom:framework-win-MediaFoundation: 216162199b28c13a410421893ffa2e32 -> 
  custom:video-decoder-ogg-theora: a1e56fd34408186e4bbccfd4996cb3dc -> 
  custom:container-muxer-webm: aa71ff27fc2769a1b78a27578f13a17b -> 
  custom:container-demuxer-webm: 4f35f7cbe854078d1ac9338744f61a02 -> 
  custom:container-demuxer-ogg: 62fdf1f143b41e24485cea50d1cbac27 -> 
  custom:video-encoder-webm-vp8: eb34c28f22e8b96e1ab97ce403110664 -> 
  custom:video-decoder-webm-vp8: 9c59270c3fd7afecdb556c50c9e8de78 -> 
  custom:graphics/normal-map-encoding: 01000000000000000000000000000000 -> 02000000000000000000000000000000
  custom:audio-decoder-ogg-vorbis: bf7c407c2cedff20999df2af8eb42d56 -> 
  custom:audio-encoder-webm-vorbis: bf7c407c2cedff20999df2af8eb42d56 -> 
========================================================================
Received Prepare
Registering precompiled user dll's ...
Registered in 0.049850 seconds.
Begin MonoManager ReloadAssembly
Native extension for WindowsStandalone target not found
Refreshing native plugins compatible for Editor in 2.41 ms, found 5 plugins.
Preloading 1 native plugins for Editor in 0.42 ms.
NullReferenceException: Object reference not set to an instance of an object
  at Unity.XR.Oculus.OculusLoader.AssetPathToAbsolutePath (System.String assetPath) [0x00048] in D:\Conference-Mechanics\Library\PackageCache\com.unity.xr.oculus@1.9.1\Runtime\OculusLoader.cs:249 
  at Unity.XR.Oculus.OculusLoader.EditorLoadOVRPlugin () [0x0007b] in D:\Conference-Mechanics\Library\PackageCache\com.unity.xr.oculus@1.9.1\Runtime\OculusLoader.cs:234 

(Filename: Library/PackageCache/com.unity.xr.oculus@1.9.1/Runtime/OculusLoader.cs Line: 249)

Mono: successfully reloaded assembly
- Completed reload, in 10.230 seconds
Platform modules already initialized, skipping
Switching build target platform(19) subTarget(0) extendedPlatform(0) -> platform(13) subTarget(524294) extendedPlatform(0)
Refreshing native plugins compatible for Editor in 4.19 ms, found 5 plugins.
Preloading 1 native plugins for Editor in 0.19 ms.
Unloading 2734 Unused Serialized files (Serialized files now loaded: 0)
System memory in use before: 121.7 MB.
System memory in use after: 122.0 MB.

Unloading 21 unused Assets to reduce memory usage. Loaded Objects now: 3223.
Total: 35.457000 ms (FindLiveObjects: 1.224500 ms CreateObjectMapping: 0.510300 ms MarkObjects: 33.622700 ms  DeleteObjects: 0.093300 ms)

AssetImportParameters requested are different than current active one (requested -> active):
  custom:framework-win-MediaFoundation: 216162199b28c13a410421893ffa2e32 -> 
  custom:video-decoder-ogg-theora: a1e56fd34408186e4bbccfd4996cb3dc -> 
  custom:container-muxer-webm: aa71ff27fc2769a1b78a27578f13a17b -> 
  custom:container-demuxer-webm: 4f35f7cbe854078d1ac9338744f61a02 -> 
  custom:container-demuxer-ogg: 62fdf1f143b41e24485cea50d1cbac27 -> 
  custom:video-encoder-webm-vp8: eb34c28f22e8b96e1ab97ce403110664 -> 
  custom:video-decoder-webm-vp8: 9c59270c3fd7afecdb556c50c9e8de78 -> 
  custom:graphics/normal-map-encoding: 01000000000000000000000000000000 -> 02000000000000000000000000000000
  custom:audio-decoder-ogg-vorbis: bf7c407c2cedff20999df2af8eb42d56 -> 
  custom:audio-encoder-webm-vorbis: bf7c407c2cedff20999df2af8eb42d56 -> 
========================================================================
Received Prepare
Registering precompiled user dll's ...
Registered in 0.049716 seconds.
Begin MonoManager ReloadAssembly
Native extension for WindowsStandalone target not found
Refreshing native plugins compatible for Editor in 2.60 ms, found 5 plugins.
Preloading 1 native plugins for Editor in 0.23 ms.
NullReferenceException: Object reference not set to an instance of an object
  at Unity.XR.Oculus.OculusLoader.AssetPathToAbsolutePath (System.String assetPath) [0x00048] in D:\Conference-Mechanics\Library\PackageCache\com.unity.xr.oculus@1.9.1\Runtime\OculusLoader.cs:249 
  at Unity.XR.Oculus.OculusLoader.EditorLoadOVRPlugin () [0x0007b] in D:\Conference-Mechanics\Library\PackageCache\com.unity.xr.oculus@1.9.1\Runtime\OculusLoader.cs:234 

(Filename: Library/PackageCache/com.unity.xr.oculus@1.9.1/Runtime/OculusLoader.cs Line: 249)

Mono: successfully reloaded assembly
- Completed reload, in  6.407 seconds
Platform modules already initialized, skipping
Switching build target platform(19) subTarget(0) extendedPlatform(0) -> platform(13) subTarget(524294) extendedPlatform(0)
Refreshing native plugins compatible for Editor in 2.81 ms, found 5 plugins.
Preloading 1 native plugins for Editor in 0.20 ms.
Unloading 2734 Unused Serialized files (Serialized files now loaded: 0)
System memory in use before: 121.8 MB.
System memory in use after: 122.0 MB.

Unloading 21 unused Assets to reduce memory usage. Loaded Objects now: 3228.
Total: 14.342100 ms (FindLiveObjects: 3.977900 ms CreateObjectMapping: 0.830400 ms MarkObjects: 9.361900 ms  DeleteObjects: 0.165900 ms)

AssetImportParameters requested are different than current active one (requested -> active):
  custom:framework-win-MediaFoundation: 216162199b28c13a410421893ffa2e32 -> 
  custom:video-decoder-ogg-theora: a1e56fd34408186e4bbccfd4996cb3dc -> 
  custom:container-muxer-webm: aa71ff27fc2769a1b78a27578f13a17b -> 
  custom:container-demuxer-webm: 4f35f7cbe854078d1ac9338744f61a02 -> 
  custom:container-demuxer-ogg: 62fdf1f143b41e24485cea50d1cbac27 -> 
  custom:video-encoder-webm-vp8: eb34c28f22e8b96e1ab97ce403110664 -> 
  custom:video-decoder-webm-vp8: 9c59270c3fd7afecdb556c50c9e8de78 -> 
  custom:graphics/normal-map-encoding: 01000000000000000000000000000000 -> 02000000000000000000000000000000
  custom:audio-decoder-ogg-vorbis: bf7c407c2cedff20999df2af8eb42d56 -> 
  custom:audio-encoder-webm-vorbis: bf7c407c2cedff20999df2af8eb42d56 -> 
========================================================================
Received Prepare
Registering precompiled user dll's ...
Registered in 0.089126 seconds.
Begin MonoManager ReloadAssembly
Native extension for WindowsStandalone target not found
Refreshing native plugins compatible for Editor in 4.15 ms, found 5 plugins.
Preloading 1 native plugins for Editor in 0.19 ms.
NullReferenceException: Object reference not set to an instance of an object
  at Unity.XR.Oculus.OculusLoader.AssetPathToAbsolutePath (System.String assetPath) [0x00048] in D:\Conference-Mechanics\Library\PackageCache\com.unity.xr.oculus@1.9.1\Runtime\OculusLoader.cs:249 
  at Unity.XR.Oculus.OculusLoader.EditorLoadOVRPlugin () [0x0007b] in D:\Conference-Mechanics\Library\PackageCache\com.unity.xr.oculus@1.9.1\Runtime\OculusLoader.cs:234 

(Filename: Library/PackageCache/com.unity.xr.oculus@1.9.1/Runtime/OculusLoader.cs Line: 249)

Mono: successfully reloaded assembly
- Completed reload, in  8.944 seconds
Platform modules already initialized, skipping
Switching build target platform(19) subTarget(0) extendedPlatform(0) -> platform(13) subTarget(524294) extendedPlatform(0)
Refreshing native plugins compatible for Editor in 7.09 ms, found 5 plugins.
Preloading 1 native plugins for Editor in 0.21 ms.
Unloading 2734 Unused Serialized files (Serialized files now loaded: 0)
System memory in use before: 121.8 MB.
System memory in use after: 122.0 MB.

Unloading 21 unused Assets to reduce memory usage. Loaded Objects now: 3233.
Total: 12.492000 ms (FindLiveObjects: 1.141800 ms CreateObjectMapping: 0.509700 ms MarkObjects: 10.723300 ms  DeleteObjects: 0.111300 ms)

AssetImportParameters requested are different than current active one (requested -> active):
  custom:framework-win-MediaFoundation: 216162199b28c13a410421893ffa2e32 -> 
  custom:video-decoder-ogg-theora: a1e56fd34408186e4bbccfd4996cb3dc -> 
  custom:container-muxer-webm: aa71ff27fc2769a1b78a27578f13a17b -> 
  custom:container-demuxer-webm: 4f35f7cbe854078d1ac9338744f61a02 -> 
  custom:container-demuxer-ogg: 62fdf1f143b41e24485cea50d1cbac27 -> 
  custom:video-encoder-webm-vp8: eb34c28f22e8b96e1ab97ce403110664 -> 
  custom:video-decoder-webm-vp8: 9c59270c3fd7afecdb556c50c9e8de78 -> 
  custom:graphics/normal-map-encoding: 01000000000000000000000000000000 -> 02000000000000000000000000000000
  custom:audio-decoder-ogg-vorbis: bf7c407c2cedff20999df2af8eb42d56 -> 
  custom:audio-encoder-webm-vorbis: bf7c407c2cedff20999df2af8eb42d56 -> 
========================================================================
Received Import Request.
  Time since last request: 13480.799922 seconds.
  path: Assets/IRONHEAD Games/Resource/Generic Player VR.prefab
  artifactKey: Guid(5c5a6e4f9a7d4c944b6b9a1c0041b49a) Importer(815301076,1909f56bfc062723c751e8b465ee728b)
Start importing Assets/IRONHEAD Games/Resource/Generic Player VR.prefab using Guid(5c5a6e4f9a7d4c944b6b9a1c0041b49a) Importer(815301076,1909f56bfc062723c751e8b465ee728b)  -> (artifact id: '2299da6648ba01ee97a58ba24cc62705') in 2.710118 seconds 
  Import took 2.733826 seconds .

========================================================================
Received Import Request.
  Time since last request: 1.436222 seconds.
  path: Assets/IRONHEAD Games/Resource/Generic Player VR.prefab
  artifactKey: Guid(5c5a6e4f9a7d4c944b6b9a1c0041b49a) Importer(815301076,1909f56bfc062723c751e8b465ee728b)
Start importing Assets/IRONHEAD Games/Resource/Generic Player VR.prefab using Guid(5c5a6e4f9a7d4c944b6b9a1c0041b49a) Importer(815301076,1909f56bfc062723c751e8b465ee728b)  -> (artifact id: '47cc76d5a1f97f41c353e352ca36b8d5') in 0.354720 seconds 
  Import took 0.396627 seconds .

========================================================================
Received Import Request.
  Time since last request: 3.687543 seconds.
  path: Assets/IRONHEAD Games/Resource/Generic Player VR.prefab
  artifactKey: Guid(5c5a6e4f9a7d4c944b6b9a1c0041b49a) Importer(815301076,1909f56bfc062723c751e8b465ee728b)
Start importing Assets/IRONHEAD Games/Resource/Generic Player VR.prefab using Guid(5c5a6e4f9a7d4c944b6b9a1c0041b49a) Importer(815301076,1909f56bfc062723c751e8b465ee728b)  -> (artifact id: '45211958c2c800caf71e708ff9cc5d72') in 0.267596 seconds 
  Import took 0.291935 seconds .

========================================================================
Received Import Request.
  Time since last request: 2.334776 seconds.
  path: Assets/IRONHEAD Games/Resource/Generic Player VR.prefab
  artifactKey: Guid(5c5a6e4f9a7d4c944b6b9a1c0041b49a) Importer(815301076,1909f56bfc062723c751e8b465ee728b)
Start importing Assets/IRONHEAD Games/Resource/Generic Player VR.prefab using Guid(5c5a6e4f9a7d4c944b6b9a1c0041b49a) Importer(815301076,1909f56bfc062723c751e8b465ee728b)  -> (artifact id: '05edc85f4027002c996c2426cef55e5b') in 0.398126 seconds 
  Import took 0.708112 seconds .

========================================================================
Received Import Request.
  Time since last request: 0.947872 seconds.
  path: Assets/IRONHEAD Games/Resource/Generic Player VR.prefab
  artifactKey: Guid(5c5a6e4f9a7d4c944b6b9a1c0041b49a) Importer(815301076,1909f56bfc062723c751e8b465ee728b)
Start importing Assets/IRONHEAD Games/Resource/Generic Player VR.prefab using Guid(5c5a6e4f9a7d4c944b6b9a1c0041b49a) Importer(815301076,1909f56bfc062723c751e8b465ee728b)  -> (artifact id: '05edc85f4027002c996c2426cef55e5b') in 0.833688 seconds 
  Import took 0.860970 seconds .

========================================================================
Received Import Request.
  Time since last request: 0.000163 seconds.
  path: Assets/IRONHEAD Games/Resource/Generic Player VR.prefab
  artifactKey: Guid(5c5a6e4f9a7d4c944b6b9a1c0041b49a) Importer(815301076,1909f56bfc062723c751e8b465ee728b)
Start importing Assets/IRONHEAD Games/Resource/Generic Player VR.prefab using Guid(5c5a6e4f9a7d4c944b6b9a1c0041b49a) Importer(815301076,1909f56bfc062723c751e8b465ee728b)  -> (artifact id: 'd83a7e2c8b145bab2e614f8f2db87e6a') in 0.347871 seconds 
  Import took 0.366126 seconds .

========================================================================
Received Import Request.
  Time since last request: 47.083643 seconds.
  path: Assets/IRONHEAD Games/Resource/Generic Player VR.prefab
  artifactKey: Guid(5c5a6e4f9a7d4c944b6b9a1c0041b49a) Importer(815301076,1909f56bfc062723c751e8b465ee728b)
Start importing Assets/IRONHEAD Games/Resource/Generic Player VR.prefab using Guid(5c5a6e4f9a7d4c944b6b9a1c0041b49a) Importer(815301076,1909f56bfc062723c751e8b465ee728b)  -> (artifact id: '6c37b7276ee3e4a25abda11ccc5620f4') in 4.218699 seconds 
  Import took 4.241462 seconds .

========================================================================
Received Import Request.
  Time since last request: 40.295015 seconds.
  path: Assets/IRONHEAD Games/Resource/Generic Player VR.prefab
  artifactKey: Guid(5c5a6e4f9a7d4c944b6b9a1c0041b49a) Importer(815301076,1909f56bfc062723c751e8b465ee728b)
Start importing Assets/IRONHEAD Games/Resource/Generic Player VR.prefab using Guid(5c5a6e4f9a7d4c944b6b9a1c0041b49a) Importer(815301076,1909f56bfc062723c751e8b465ee728b)  -> (artifact id: 'c91e36032bedf5b31f63d2ce7f1af3cb') in 0.280565 seconds 
  Import took 0.332794 seconds .

========================================================================
Received Import Request.
  Time since last request: 2.923555 seconds.
  path: Assets/IRONHEAD Games/Resource/Generic Player VR.prefab
  artifactKey: Guid(5c5a6e4f9a7d4c944b6b9a1c0041b49a) Importer(815301076,1909f56bfc062723c751e8b465ee728b)
Start importing Assets/IRONHEAD Games/Resource/Generic Player VR.prefab using Guid(5c5a6e4f9a7d4c944b6b9a1c0041b49a) Importer(815301076,1909f56bfc062723c751e8b465ee728b)  -> (artifact id: 'd989dc3ac14b7b42a9842f8c83f9adec') in 0.599748 seconds 
  Import took 0.726236 seconds .

========================================================================
Received Import Request.
  Time since last request: 4.222585 seconds.
  path: Assets/IRONHEAD Games/Resource/Generic Player VR.prefab
  artifactKey: Guid(5c5a6e4f9a7d4c944b6b9a1c0041b49a) Importer(815301076,1909f56bfc062723c751e8b465ee728b)
Start importing Assets/IRONHEAD Games/Resource/Generic Player VR.prefab using Guid(5c5a6e4f9a7d4c944b6b9a1c0041b49a) Importer(815301076,1909f56bfc062723c751e8b465ee728b)  -> (artifact id: 'e07cf1295d7f1aad83e80ca5b3335a9b') in 0.496734 seconds 
  Import took 0.581030 seconds .

========================================================================
Received Import Request.
  Time since last request: 1.662625 seconds.
  path: Assets/IRONHEAD Games/Resource/Generic Player VR.prefab
  artifactKey: Guid(5c5a6e4f9a7d4c944b6b9a1c0041b49a) Importer(815301076,1909f56bfc062723c751e8b465ee728b)
Start importing Assets/IRONHEAD Games/Resource/Generic Player VR.prefab using Guid(5c5a6e4f9a7d4c944b6b9a1c0041b49a) Importer(815301076,1909f56bfc062723c751e8b465ee728b)  -> (artifact id: '3910285db1a0ca6d1aea9aacfaf57867') in 0.497397 seconds 
  Import took 0.556413 seconds .

========================================================================
Received Import Request.
  Time since last request: 5.040860 seconds.
  path: Assets/IRONHEAD Games/Resource/Generic Player VR.prefab
  artifactKey: Guid(5c5a6e4f9a7d4c944b6b9a1c0041b49a) Importer(815301076,1909f56bfc062723c751e8b465ee728b)
Start importing Assets/IRONHEAD Games/Resource/Generic Player VR.prefab using Guid(5c5a6e4f9a7d4c944b6b9a1c0041b49a) Importer(815301076,1909f56bfc062723c751e8b465ee728b)  -> (artifact id: 'c66e212af7133d588d5a3935f336893d') in 0.647140 seconds 
  Import took 0.687781 seconds .

========================================================================
Received Import Request.
  Time since last request: 168.982408 seconds.
  path: Assets/IRONHEAD Games/Resource/Generic Player VR.prefab
  artifactKey: Guid(5c5a6e4f9a7d4c944b6b9a1c0041b49a) Importer(815301076,1909f56bfc062723c751e8b465ee728b)
Start importing Assets/IRONHEAD Games/Resource/Generic Player VR.prefab using Guid(5c5a6e4f9a7d4c944b6b9a1c0041b49a) Importer(815301076,1909f56bfc062723c751e8b465ee728b)  -> (artifact id: 'e3c606cfc3c51837f01b436fce633c09') in 0.203260 seconds 
  Import took 0.221183 seconds .

========================================================================
Received Import Request.
  Time since last request: 4.178741 seconds.
  path: Assets/IRONHEAD Games/Resource/Generic Player VR.prefab
  artifactKey: Guid(5c5a6e4f9a7d4c944b6b9a1c0041b49a) Importer(815301076,1909f56bfc062723c751e8b465ee728b)
Start importing Assets/IRONHEAD Games/Resource/Generic Player VR.prefab using Guid(5c5a6e4f9a7d4c944b6b9a1c0041b49a) Importer(815301076,1909f56bfc062723c751e8b465ee728b)  -> (artifact id: 'a55306ec89dec84f815f4c42cbd80391') in 0.279519 seconds 
  Import took 0.315975 seconds .

========================================================================
Received Import Request.
  Time since last request: 83.552736 seconds.
  path: Assets/IRONHEAD Games/Resource/Generic Player VR.prefab
  artifactKey: Guid(5c5a6e4f9a7d4c944b6b9a1c0041b49a) Importer(815301076,1909f56bfc062723c751e8b465ee728b)
Start importing Assets/IRONHEAD Games/Resource/Generic Player VR.prefab using Guid(5c5a6e4f9a7d4c944b6b9a1c0041b49a) Importer(815301076,1909f56bfc062723c751e8b465ee728b)  -> (artifact id: '5da6fbc11dedc41f8820ac96887a10cf') in 0.389234 seconds 
  Import took 0.420251 seconds .

========================================================================
Received Import Request.
  Time since last request: 49.976091 seconds.
  path: Assets/IRONHEAD Games/Resource/Generic Player VR.prefab
  artifactKey: Guid(5c5a6e4f9a7d4c944b6b9a1c0041b49a) Importer(815301076,1909f56bfc062723c751e8b465ee728b)
Start importing Assets/IRONHEAD Games/Resource/Generic Player VR.prefab using Guid(5c5a6e4f9a7d4c944b6b9a1c0041b49a) Importer(815301076,1909f56bfc062723c751e8b465ee728b)  -> (artifact id: 'aab900f5582ac596fb5ae83bbb8e58d1') in 0.198901 seconds 
  Import took 0.221583 seconds .

========================================================================
Received Import Request.
  Time since last request: 2.587292 seconds.
  path: Assets/IRONHEAD Games/Resource/Generic Player VR.prefab
  artifactKey: Guid(5c5a6e4f9a7d4c944b6b9a1c0041b49a) Importer(815301076,1909f56bfc062723c751e8b465ee728b)
Start importing Assets/IRONHEAD Games/Resource/Generic Player VR.prefab using Guid(5c5a6e4f9a7d4c944b6b9a1c0041b49a) Importer(815301076,1909f56bfc062723c751e8b465ee728b)  -> (artifact id: 'dde470c2a3bf43ccb5fccecf0124c1a2') in 0.155084 seconds 
  Import took 0.255338 seconds .

========================================================================
Received Import Request.
  Time since last request: 2.673713 seconds.
  path: Assets/IRONHEAD Games/Resource/Generic Player VR.prefab
  artifactKey: Guid(5c5a6e4f9a7d4c944b6b9a1c0041b49a) Importer(815301076,1909f56bfc062723c751e8b465ee728b)
Start importing Assets/IRONHEAD Games/Resource/Generic Player VR.prefab using Guid(5c5a6e4f9a7d4c944b6b9a1c0041b49a) Importer(815301076,1909f56bfc062723c751e8b465ee728b)  -> (artifact id: '63ddf73b6f669799a837e0a2b396f40e') in 0.310596 seconds 
  Import took 0.361194 seconds .

========================================================================
Received Import Request.
  Time since last request: 2.498477 seconds.
  path: Assets/IRONHEAD Games/Resource/Generic Player VR.prefab
  artifactKey: Guid(5c5a6e4f9a7d4c944b6b9a1c0041b49a) Importer(815301076,1909f56bfc062723c751e8b465ee728b)
Start importing Assets/IRONHEAD Games/Resource/Generic Player VR.prefab using Guid(5c5a6e4f9a7d4c944b6b9a1c0041b49a) Importer(815301076,1909f56bfc062723c751e8b465ee728b)  -> (artifact id: '06b746dd056148c0877eff1f3858f9c7') in 0.157837 seconds 
  Import took 0.175400 seconds .

========================================================================
Received Import Request.
  Time since last request: 1.593953 seconds.
  path: Assets/IRONHEAD Games/Resource/Generic Player VR.prefab
  artifactKey: Guid(5c5a6e4f9a7d4c944b6b9a1c0041b49a) Importer(815301076,1909f56bfc062723c751e8b465ee728b)
Start importing Assets/IRONHEAD Games/Resource/Generic Player VR.prefab using Guid(5c5a6e4f9a7d4c944b6b9a1c0041b49a) Importer(815301076,1909f56bfc062723c751e8b465ee728b)  -> (artifact id: 'e87c0c0cb9c7950f9f07db698ac5d787') in 0.492223 seconds 
  Import took 0.536972 seconds .

========================================================================
Received Import Request.
  Time since last request: 26.306466 seconds.
  path: Assets/IRONHEAD Games/Resource/Generic Player VR.prefab
  artifactKey: Guid(5c5a6e4f9a7d4c944b6b9a1c0041b49a) Importer(815301076,1909f56bfc062723c751e8b465ee728b)
Start importing Assets/IRONHEAD Games/Resource/Generic Player VR.prefab using Guid(5c5a6e4f9a7d4c944b6b9a1c0041b49a) Importer(815301076,1909f56bfc062723c751e8b465ee728b)  -> (artifact id: 'ec9c86cc57dbfa047c3caf59c7e2e2ec') in 0.182369 seconds 
  Import took 0.220174 seconds .

========================================================================
Received Import Request.
  Time since last request: 7.419364 seconds.
  path: Assets/IRONHEAD Games/Resource/Generic Player VR.prefab
  artifactKey: Guid(5c5a6e4f9a7d4c944b6b9a1c0041b49a) Importer(815301076,1909f56bfc062723c751e8b465ee728b)
Start importing Assets/IRONHEAD Games/Resource/Generic Player VR.prefab using Guid(5c5a6e4f9a7d4c944b6b9a1c0041b49a) Importer(815301076,1909f56bfc062723c751e8b465ee728b)  -> (artifact id: '4b23fcb4d59e618f168b765ce3a0822a') in 0.581909 seconds 
  Import took 0.634175 seconds .

========================================================================
Received Prepare
Registering precompiled user dll's ...
Registered in 0.061843 seconds.
Begin MonoManager ReloadAssembly
Native extension for WindowsStandalone target not found
Refreshing native plugins compatible for Editor in 3.65 ms, found 5 plugins.
Preloading 1 native plugins for Editor in 0.19 ms.
NullReferenceException: Object reference not set to an instance of an object
  at Unity.XR.Oculus.OculusLoader.AssetPathToAbsolutePath (System.String assetPath) [0x00048] in D:\Conference-Mechanics\Library\PackageCache\com.unity.xr.oculus@1.9.1\Runtime\OculusLoader.cs:249 
  at Unity.XR.Oculus.OculusLoader.EditorLoadOVRPlugin () [0x0007b] in D:\Conference-Mechanics\Library\PackageCache\com.unity.xr.oculus@1.9.1\Runtime\OculusLoader.cs:234 

(Filename: Library/PackageCache/com.unity.xr.oculus@1.9.1/Runtime/OculusLoader.cs Line: 249)

Mono: successfully reloaded assembly
- Completed reload, in  6.888 seconds
Platform modules already initialized, skipping
Switching build target platform(19) subTarget(0) extendedPlatform(0) -> platform(13) subTarget(524294) extendedPlatform(0)
Refreshing native plugins compatible for Editor in 2.91 ms, found 5 plugins.
Preloading 1 native plugins for Editor in 0.20 ms.
Unloading 2734 Unused Serialized files (Serialized files now loaded: 0)
System memory in use before: 121.8 MB.
System memory in use after: 122.1 MB.

Unloading 22 unused Assets to reduce memory usage. Loaded Objects now: 3239.
Total: 11.746400 ms (FindLiveObjects: 1.132300 ms CreateObjectMapping: 0.837300 ms MarkObjects: 9.648500 ms  DeleteObjects: 0.123900 ms)

AssetImportParameters requested are different than current active one (requested -> active):
  custom:framework-win-MediaFoundation: 216162199b28c13a410421893ffa2e32 -> 
  custom:video-decoder-ogg-theora: a1e56fd34408186e4bbccfd4996cb3dc -> 
  custom:container-muxer-webm: aa71ff27fc2769a1b78a27578f13a17b -> 
  custom:container-demuxer-webm: 4f35f7cbe854078d1ac9338744f61a02 -> 
  custom:container-demuxer-ogg: 62fdf1f143b41e24485cea50d1cbac27 -> 
  custom:video-encoder-webm-vp8: eb34c28f22e8b96e1ab97ce403110664 -> 
  custom:video-decoder-webm-vp8: 9c59270c3fd7afecdb556c50c9e8de78 -> 
  custom:graphics/normal-map-encoding: 01000000000000000000000000000000 -> 02000000000000000000000000000000
  custom:audio-decoder-ogg-vorbis: bf7c407c2cedff20999df2af8eb42d56 -> 
  custom:audio-encoder-webm-vorbis: bf7c407c2cedff20999df2af8eb42d56 -> 
========================================================================
Received Import Request.
  Time since last request: 1251.880009 seconds.
  path: Assets/IRONHEAD Games/Resource/Generic Player VR.prefab
  artifactKey: Guid(5c5a6e4f9a7d4c944b6b9a1c0041b49a) Importer(815301076,1909f56bfc062723c751e8b465ee728b)
Start importing Assets/IRONHEAD Games/Resource/Generic Player VR.prefab using Guid(5c5a6e4f9a7d4c944b6b9a1c0041b49a) Importer(815301076,1909f56bfc062723c751e8b465ee728b)  -> (artifact id: '530385d05b266363001509fb805713dd') in 1.147908 seconds 
  Import took 1.165751 seconds .

========================================================================
Received Import Request.
  Time since last request: 164.341142 seconds.
  path: Assets/IRONHEAD Games/Resource/Generic Player VR.prefab
  artifactKey: Guid(5c5a6e4f9a7d4c944b6b9a1c0041b49a) Importer(815301076,1909f56bfc062723c751e8b465ee728b)
Start importing Assets/IRONHEAD Games/Resource/Generic Player VR.prefab using Guid(5c5a6e4f9a7d4c944b6b9a1c0041b49a) Importer(815301076,1909f56bfc062723c751e8b465ee728b)  -> (artifact id: 'f5901e2527fcb9c75cba0bedfe7bbc01') in 0.604107 seconds 
  Import took 0.649594 seconds .

========================================================================
Received Import Request.
  Time since last request: 4.568135 seconds.
  path: Assets/IRONHEAD Games/Prefabs/Avatars/Avatar2.prefab
  artifactKey: Guid(0c74eca2d21234b42b00d95293f1ee7e) Importer(815301076,1909f56bfc062723c751e8b465ee728b)
Start importing Assets/IRONHEAD Games/Prefabs/Avatars/Avatar2.prefab using Guid(0c74eca2d21234b42b00d95293f1ee7e) Importer(815301076,1909f56bfc062723c751e8b465ee728b)  -> (artifact id: '280ab48eefcaed39b1001e74c25ec7db') in 0.348620 seconds 
  Import took 0.375962 seconds .

========================================================================
Received Import Request.
  Time since last request: 0.001741 seconds.
  path: Assets/IRONHEAD Games/Prefabs/Avatars/Avatar5.prefab
  artifactKey: Guid(089d38c2beff1f044b446797593d7269) Importer(815301076,1909f56bfc062723c751e8b465ee728b)
Start importing Assets/IRONHEAD Games/Prefabs/Avatars/Avatar5.prefab using Guid(089d38c2beff1f044b446797593d7269) Importer(815301076,1909f56bfc062723c751e8b465ee728b)  -> (artifact id: 'b254fcb68aed409d998206a582442a0a') in 1.034297 seconds 
  Import took 1.060962 seconds .

========================================================================
Received Import Request.
  Time since last request: 0.000790 seconds.
  path: Assets/IRONHEAD Games/Prefabs/Avatars/Avatar3.prefab
  artifactKey: Guid(e8090dbb771374144a023faf37db10eb) Importer(815301076,1909f56bfc062723c751e8b465ee728b)
Start importing Assets/IRONHEAD Games/Prefabs/Avatars/Avatar3.prefab using Guid(e8090dbb771374144a023faf37db10eb) Importer(815301076,1909f56bfc062723c751e8b465ee728b)  -> (artifact id: '22d8537c3324038c2daa379acf7d5da5') in 0.580559 seconds 
  Import took 0.599904 seconds .

========================================================================
Received Import Request.
  Time since last request: 0.000764 seconds.
  path: Assets/IRONHEAD Games/Prefabs/Avatars/Avatar4.prefab
  artifactKey: Guid(47133d67b3a40f04eb97e5089982ea39) Importer(815301076,1909f56bfc062723c751e8b465ee728b)
Start importing Assets/IRONHEAD Games/Prefabs/Avatars/Avatar4.prefab using Guid(47133d67b3a40f04eb97e5089982ea39) Importer(815301076,1909f56bfc062723c751e8b465ee728b)  -> (artifact id: 'cc1c237d67a0049e0b0b3a142c828dac') in 0.799876 seconds 
  Import took 0.823186 seconds .

