Using pre-set license
Built from '2020.3/staging' branch; Version is '2020.3.13f1 (71691879b7f5) revision 7432472'; Using compiler version '192528614'; Build Type 'Release'
OS: 'Windows 10 Home Single Language; OS build 19045.4170; Version 2009; 64bit' Language: 'es' Physical Memory: 16286 MB
BatchMode: 1, IsHumanControllingUs: 0, StartBugReporterOnCrash: 0, Is64bit: 1, IsPro: 0

 COMMAND LINE ARGUMENTS:
C:\Program Files\Unity\Hub\Editor\2020.3.13f1\Editor\Unity.exe
-adb2
-batchMode
-noUpm
-name
AssetImportWorker10
-projectPath
D:/VR-Conference/Conference-Mechanics
-logFile
Logs/AssetImportWorker10.log
-srvPort
65387
Successfully changed project path to: D:/VR-Conference/Conference-Mechanics
D:/VR-Conference/Conference-Mechanics
Using Asset Import Pipeline V2.
Refreshing native plugins compatible for Editor in 734.09 ms, found 8 plugins.
Preloading 1 native plugins for Editor in 281.73 ms.
Initialize engine version: 2020.3.13f1 (71691879b7f5)
[Subsystems] Discovering subsystems at path C:/Program Files/Unity/Hub/Editor/2020.3.13f1/Editor/Data/Resources/UnitySubsystems
[Subsystems] Discovering subsystems at path D:/VR-Conference/Conference-Mechanics/Assets
GfxDevice: creating device client; threaded=0
